<?xml version="1.0" encoding="UTF-8"?>
<!-- Generated by org.testng.reporters.JUnitReportReporter -->
<testsuite skipped="0" hostname="Lenovo-PC" name="testCases.TestCase1" tests="1" failures="0" timestamp="25 May 2019 18:13:33 GMT" time="104.479" errors="0">
  <testcase name="submitPP" time="104.479" classname="testCases.TestCase1"/>
</testsuite> <!-- testCases.TestCase1 -->
