<?xml version="1.0" encoding="UTF-8"?>
<!-- Generated by org.testng.reporters.JUnitReportReporter -->
<testsuite skipped="0" hostname="Lenovo-PC" name="application.Ultimatix" tests="1" failures="0" timestamp="04 May 2019 04:55:40 GMT" time="21.260" errors="0">
  <testcase name="ultiMatix" time="21.260" classname="application.Ultimatix"/>
</testsuite> <!-- application.Ultimatix -->
