<?xml version="1.0" encoding="UTF-8"?>
<!-- Generated by org.testng.reporters.JUnitReportReporter -->
<testsuite skipped="0" hostname="Lenovo-PC" name="testRunner.RunTest" tests="1" failures="0" timestamp="11 May 2019 14:20:43 GMT" time="28.100" errors="0">
  <testcase name="runScenario" time="28.100" classname="testRunner.RunTest"/>
</testsuite> <!-- testRunner.RunTest -->
