<?xml version="1.0" encoding="UTF-8"?>
<!-- Generated by org.testng.reporters.JUnitReportReporter -->
<testsuite skipped="0" hostname="Lenovo-PC" name="pages.submitPP" tests="1" failures="0" timestamp="12 May 2019 06:53:34 GMT" time="153.085" errors="0">
  <testcase name="createPP" time="153.085" classname="pages.submitPP"/>
</testsuite> <!-- pages.submitPP -->
