<?xml version="1.0" encoding="UTF-8"?>
<!-- Generated by org.testng.reporters.JUnitReportReporter -->
<testsuite skipped="1" hostname="Lenovo-PC" name="cucumberMain.RunnerFile" tests="1" failures="0" timestamp="23 Nov 2019 08:13:41 GMT" time="0.123" errors="0">
  <testcase name="runScenario" time="0.123" classname="cucumberMain.RunnerFile">
    <skipped/>
  </testcase> <!-- runScenario -->
</testsuite> <!-- cucumberMain.RunnerFile -->
