<?xml version="1.0" encoding="UTF-8"?>
<!-- Generated by org.testng.reporters.JUnitReportReporter -->
<testsuite skipped="0" hostname="Lenovo-PC" name="runner.Runner" tests="1" failures="0" timestamp="25 May 2019 15:54:14 GMT" time="107.056" errors="0">
  <testcase name="runScenario" time="107.056" classname="runner.Runner"/>
</testsuite> <!-- runner.Runner -->
