<?xml version="1.0" encoding="UTF-8"?>
<!-- Generated by org.testng.reporters.JUnitReportReporter -->
<testsuite skipped="0" hostname="Lenovo-PC" name="testCases.TestCase1" tests="1" failures="0" timestamp="21 May 2019 02:07:25 GMT" time="113.681" errors="0">
  <testcase name="submitPP" time="113.681" classname="testCases.TestCase1"/>
</testsuite> <!-- testCases.TestCase1 -->
