<?xml version="1.0" encoding="UTF-8"?>
<!-- Generated by org.testng.reporters.JUnitReportReporter -->
<testsuite skipped="0" hostname="Lenovo-PC" name="apiTesting.APITesting" tests="3" failures="0" timestamp="14 Nov 2019 18:07:53 GMT" time="0.020" errors="0">
  <testcase name="testCase2" time="0.008" classname="apiTesting.APITesting"/>
  <testcase name="testCase3" time="0.008" classname="apiTesting.APITesting"/>
  <testcase name="testCase3" time="0.004" classname="apiTesting.APITesting"/>
</testsuite> <!-- apiTesting.APITesting -->
